<?xml version="1.0" encoding="utf-8"?>
<?AutomationStudio Version="4.8.2.72"?>
<Objects>
  <Object
    Path="C:\Users\Jacob\Documents\GitHub\PLC\Lecture_10_jbl_all\Lecture_10_jbl\Logical\Package.pkg"
    LogicalPath=""
    Type="Package.ParentUnknown"
    LastWriteTime="132492293370698332" />
  <Object
    Path="C:\Users\Jacob\Documents\GitHub\PLC\Lecture_10_jbl_all\Lecture_10_jbl\Logical\Global.typ"
    LogicalPath="Global.typ"
    Type="File"
    LastWriteTime="132492277615914987"
    Private="false" />
  <Object
    Path="C:\Users\Jacob\Documents\GitHub\PLC\Lecture_10_jbl_all\Lecture_10_jbl\Logical\Global.var"
    LogicalPath="Global.var"
    Type="File"
    LastWriteTime="132492277615924961"
    Private="false" />
  <Object
    Path="C:\Users\Jacob\Documents\GitHub\PLC\Lecture_10_jbl_all\Lecture_10_jbl\Logical\Libraries\Package.pkg"
    LogicalPath="Libraries"
    Type="Package"
    LastWriteTime="132492289459894720" />
  <Object
    Path="C:\Users\Jacob\Documents\GitHub\PLC\Lecture_10_jbl_all\Lecture_10_jbl\Logical\Libraries\operator\binary.lby"
    LogicalPath="Libraries.operator"
    Type="Library"
    LastWriteTime="132492277616024698" />
  <Object
    Path="C:\Users\Jacob\Documents\GitHub\PLC\Lecture_10_jbl_all\Lecture_10_jbl\Logical\Libraries\operator\operator.fun"
    LogicalPath="Libraries.operator.operator.fun"
    Type="File"
    LastWriteTime="132492277616034669"
    Private="false" />
  <Object
    Path="C:\Users\Jacob\Documents\GitHub\PLC\Lecture_10_jbl_all\Lecture_10_jbl\Logical\Libraries\operator\operator.typ"
    LogicalPath="Libraries.operator.operator.typ"
    Type="File"
    LastWriteTime="132492277616034669"
    Private="false" />
  <Object
    Path="C:\Users\Jacob\Documents\GitHub\PLC\Lecture_10_jbl_all\Lecture_10_jbl\Logical\Libraries\operator\operator.var"
    LogicalPath="Libraries.operator.operator.var"
    Type="File"
    LastWriteTime="132492277616034669"
    Private="false" />
  <Object
    Path="C:\Users\Jacob\Documents\GitHub\PLC\Lecture_10_jbl_all\Lecture_10_jbl\Logical\Libraries\runtime\binary.lby"
    LogicalPath="Libraries.runtime"
    Type="Library"
    LastWriteTime="132492277616044658" />
  <Object
    Path="C:\Users\Jacob\Documents\GitHub\PLC\Lecture_10_jbl_all\Lecture_10_jbl\Logical\Libraries\runtime\runtime.fun"
    LogicalPath="Libraries.runtime.runtime.fun"
    Type="File"
    LastWriteTime="132492277616054616"
    Private="false" />
  <Object
    Path="C:\Users\Jacob\Documents\GitHub\PLC\Lecture_10_jbl_all\Lecture_10_jbl\Logical\Libraries\runtime\runtime.typ"
    LogicalPath="Libraries.runtime.runtime.typ"
    Type="File"
    LastWriteTime="132492277616054616"
    Private="false" />
  <Object
    Path="C:\Users\Jacob\Documents\GitHub\PLC\Lecture_10_jbl_all\Lecture_10_jbl\Logical\Libraries\runtime\runtime.var"
    LogicalPath="Libraries.runtime.runtime.var"
    Type="File"
    LastWriteTime="132492277616054616"
    Private="false" />
  <Object
    Path="C:\Users\Jacob\Documents\GitHub\PLC\Lecture_10_jbl_all\Lecture_10_jbl\Logical\Libraries\astime\binary.lby"
    LogicalPath="Libraries.astime"
    Type="Library"
    LastWriteTime="132492277616014725" />
  <Object
    Path="C:\Users\Jacob\Documents\GitHub\PLC\Lecture_10_jbl_all\Lecture_10_jbl\Logical\Libraries\astime\astime.fun"
    LogicalPath="Libraries.astime.astime.fun"
    Type="File"
    LastWriteTime="132492277616004748"
    Private="false" />
  <Object
    Path="C:\Users\Jacob\Documents\GitHub\PLC\Lecture_10_jbl_all\Lecture_10_jbl\Logical\Libraries\astime\astime.typ"
    LogicalPath="Libraries.astime.astime.typ"
    Type="File"
    LastWriteTime="132492277616004748"
    Private="false" />
  <Object
    Path="C:\Users\Jacob\Documents\GitHub\PLC\Lecture_10_jbl_all\Lecture_10_jbl\Logical\Libraries\astime\astime.var"
    LogicalPath="Libraries.astime.astime.var"
    Type="File"
    LastWriteTime="132492277616004748"
    Private="false" />
  <Object
    Path="C:\Users\Jacob\Documents\GitHub\PLC\Lecture_10_jbl_all\Lecture_10_jbl\Logical\Libraries\AsIecCon\binary.lby"
    LogicalPath="Libraries.AsIecCon"
    Type="Library"
    LastWriteTime="132492277615964862" />
  <Object
    Path="C:\Users\Jacob\Documents\GitHub\PLC\Lecture_10_jbl_all\Lecture_10_jbl\Logical\Libraries\AsIecCon\AsIecCon.fun"
    LogicalPath="Libraries.AsIecCon.AsIecCon.fun"
    Type="File"
    LastWriteTime="132492277615944911"
    Private="false" />
  <Object
    Path="C:\Users\Jacob\Documents\GitHub\PLC\Lecture_10_jbl_all\Lecture_10_jbl\Logical\Libraries\AsIecCon\AsIecCon.typ"
    LogicalPath="Libraries.AsIecCon.AsIecCon.typ"
    Type="File"
    LastWriteTime="132492277615954886"
    Private="false" />
  <Object
    Path="C:\Users\Jacob\Documents\GitHub\PLC\Lecture_10_jbl_all\Lecture_10_jbl\Logical\Libraries\AsIecCon\AsIecCon.var"
    LogicalPath="Libraries.AsIecCon.AsIecCon.var"
    Type="File"
    LastWriteTime="132492277615954886"
    Private="false" />
  <Object
    Path="C:\Users\Jacob\Documents\GitHub\PLC\Lecture_10_jbl_all\Lecture_10_jbl\Logical\Libraries\AsTCP\binary.lby"
    LogicalPath="Libraries.AsTCP"
    Type="Library"
    LastWriteTime="132492277615984803" />
  <Object
    Path="C:\Users\Jacob\Documents\GitHub\PLC\Lecture_10_jbl_all\Lecture_10_jbl\Logical\Libraries\AsTCP\AsTCP.fun"
    LogicalPath="Libraries.AsTCP.AsTCP.fun"
    Type="File"
    LastWriteTime="132492277615974825"
    Private="false" />
  <Object
    Path="C:\Users\Jacob\Documents\GitHub\PLC\Lecture_10_jbl_all\Lecture_10_jbl\Logical\Libraries\AsTCP\AsTCP.typ"
    LogicalPath="Libraries.AsTCP.AsTCP.typ"
    Type="File"
    LastWriteTime="132492277615974825"
    Private="false" />
  <Object
    Path="C:\Users\Jacob\Documents\GitHub\PLC\Lecture_10_jbl_all\Lecture_10_jbl\Logical\Libraries\AsTCP\AsTCP.var"
    LogicalPath="Libraries.AsTCP.AsTCP.var"
    Type="File"
    LastWriteTime="132492277615974825"
    Private="false" />
  <Object
    Path="C:\Users\Jacob\Documents\GitHub\PLC\Lecture_10_jbl_all\Lecture_10_jbl\Logical\Libraries\AsBrStr\binary.lby"
    LogicalPath="Libraries.AsBrStr"
    Type="Library"
    LastWriteTime="132492277615944911" />
  <Object
    Path="C:\Users\Jacob\Documents\GitHub\PLC\Lecture_10_jbl_all\Lecture_10_jbl\Logical\Libraries\AsBrStr\AsBrStr.fun"
    LogicalPath="Libraries.AsBrStr.AsBrStr.fun"
    Type="File"
    LastWriteTime="132492277615924961"
    Private="false" />
  <Object
    Path="C:\Users\Jacob\Documents\GitHub\PLC\Lecture_10_jbl_all\Lecture_10_jbl\Logical\Libraries\AsBrStr\AsBrStr.typ"
    LogicalPath="Libraries.AsBrStr.AsBrStr.typ"
    Type="File"
    LastWriteTime="132492277615934943"
    Private="false" />
  <Object
    Path="C:\Users\Jacob\Documents\GitHub\PLC\Lecture_10_jbl_all\Lecture_10_jbl\Logical\Libraries\AsBrStr\AsBrStr.var"
    LogicalPath="Libraries.AsBrStr.AsBrStr.var"
    Type="File"
    LastWriteTime="132492277615934943"
    Private="false" />
  <Object
    Path="C:\Users\Jacob\Documents\GitHub\PLC\Lecture_10_jbl_all\Lecture_10_jbl\Logical\Libraries\standard\binary.lby"
    LogicalPath="Libraries.standard"
    Type="Library"
    LastWriteTime="132492289459685487" />
  <Object
    Path="C:\Users\Jacob\Documents\GitHub\PLC\Lecture_10_jbl_all\Lecture_10_jbl\Logical\Libraries\standard\standard.fun"
    LogicalPath="Libraries.standard.standard.fun"
    Type="File"
    LastWriteTime="132492289459585740"
    Private="false" />
  <Object
    Path="C:\Users\Jacob\Documents\GitHub\PLC\Lecture_10_jbl_all\Lecture_10_jbl\Logical\Libraries\standard\standard.typ"
    LogicalPath="Libraries.standard.standard.typ"
    Type="File"
    LastWriteTime="132492289459635313"
    Private="false" />
  <Object
    Path="C:\Users\Jacob\Documents\GitHub\PLC\Lecture_10_jbl_all\Lecture_10_jbl\Logical\Libraries\standard\standard.var"
    LogicalPath="Libraries.standard.standard.var"
    Type="File"
    LastWriteTime="132492289459685487"
    Private="false" />
  <Object
    Path="C:\Users\Jacob\Documents\GitHub\PLC\Lecture_10_jbl_all\Lecture_10_jbl\Logical\Assignment1\IEC.prg"
    LogicalPath="Assignment1"
    Type="Program"
    LastWriteTime="132492277615895047" />
  <Object
    Path="C:\Users\Jacob\Documents\GitHub\PLC\Lecture_10_jbl_all\Lecture_10_jbl\Logical\Assignment1\Main.st"
    LogicalPath="Assignment1.Main.st"
    Type="File"
    LastWriteTime="132492296106477469"
    Private="false" />
  <Object
    Path="C:\Users\Jacob\Documents\GitHub\PLC\Lecture_10_jbl_all\Lecture_10_jbl\Logical\Assignment1\Types.typ"
    LogicalPath="Assignment1.Types.typ"
    Type="File"
    LastWriteTime="132492277615905015"
    Private="true" />
  <Object
    Path="C:\Users\Jacob\Documents\GitHub\PLC\Lecture_10_jbl_all\Lecture_10_jbl\Logical\Assignment1\Variables.var"
    LogicalPath="Assignment1.Variables.var"
    Type="File"
    LastWriteTime="132492285536850344"
    Private="true" />
  <Object
    Path="C:\Users\Jacob\Documents\GitHub\PLC\Lecture_10_jbl_all\Lecture_10_jbl\Logical\Assignment2\IEC.prg"
    LogicalPath="Assignment2"
    Type="Program"
    LastWriteTime="132492293370618548" />
  <Object
    Path="C:\Users\Jacob\Documents\GitHub\PLC\Lecture_10_jbl_all\Lecture_10_jbl\Logical\Assignment2\Main.st"
    LogicalPath="Assignment2.Main.st"
    Type="File"
    LastWriteTime="132492307172294212"
    Private="false" />
  <Object
    Path="C:\Users\Jacob\Documents\GitHub\PLC\Lecture_10_jbl_all\Lecture_10_jbl\Logical\Assignment2\Types.typ"
    LogicalPath="Assignment2.Types.typ"
    Type="File"
    LastWriteTime="132492293370558713"
    Private="true" />
  <Object
    Path="C:\Users\Jacob\Documents\GitHub\PLC\Lecture_10_jbl_all\Lecture_10_jbl\Logical\Assignment2\Variables.var"
    LogicalPath="Assignment2.Variables.var"
    Type="File"
    LastWriteTime="132492299591071885"
    Private="true" />
  <Object
    Path="C:\Users\Jacob\Documents\GitHub\PLC\Lecture_10_jbl_all\Lecture_10_jbl\Physical\Config1\Config.pkg"
    LogicalPath="Config1"
    Type="Configuration.ParentUnknown"
    LastWriteTime="132492277616064590" />
  <Object
    Path="C:\Users\Jacob\Documents\GitHub\PLC\Lecture_10_jbl_all\Lecture_10_jbl\Physical\Config1\Hardware.hw"
    LogicalPath="Config1.Hardware.hw"
    Type="File"
    LastWriteTime="132492277616064590"
    Private="false" />
  <Object
    Path="C:\Users\Jacob\Documents\GitHub\PLC\Lecture_10_jbl_all\Lecture_10_jbl\Physical\Config1\Hardware.hwl"
    LogicalPath="Config1.Hardware.hwl"
    Type="File"
    LastWriteTime="132492277616074561"
    Private="false" />
  <Object
    Path="C:\Users\Jacob\Documents\GitHub\PLC\Lecture_10_jbl_all\Lecture_10_jbl\Physical\Config1\X20CP1382\Cpu.pkg"
    LogicalPath="Config1.X20CP1382"
    Type="Cpu"
    LastWriteTime="132492277616144376" />
  <Object
    Path="C:\Users\Jacob\Documents\GitHub\PLC\Lecture_10_jbl_all\Lecture_10_jbl\Physical\Config1\X20CP1382\Cpu.sw"
    LogicalPath="Config1.X20CP1382.Cpu.sw"
    Type="File"
    LastWriteTime="132492294513729357"
    Private="false" />
  <Object
    Path="C:\Users\Jacob\Documents\GitHub\PLC\Lecture_10_jbl_all\Lecture_10_jbl\Physical\Config1\X20CP1382\Cpu.per"
    LogicalPath="Config1.X20CP1382.Cpu.per"
    Type="File"
    LastWriteTime="132492277616144376"
    Private="false" />
  <Object
    Path="C:\Users\Jacob\Documents\GitHub\PLC\Lecture_10_jbl_all\Lecture_10_jbl\Physical\Config1\X20CP1382\IoMap.iom"
    LogicalPath="Config1.X20CP1382.IoMap.iom"
    Type="File"
    LastWriteTime="132492277616154348"
    Private="false" />
  <Object
    Path="C:\Users\Jacob\Documents\GitHub\PLC\Lecture_10_jbl_all\Lecture_10_jbl\Physical\Config1\X20CP1382\PvMap.vvm"
    LogicalPath="Config1.X20CP1382.PvMap.vvm"
    Type="File"
    LastWriteTime="132492277616154348"
    Private="false" />
  <Object
    Path="C:\Users\Jacob\Documents\GitHub\PLC\Lecture_10_jbl_all\Lecture_10_jbl\Physical\Config1\X20CP1382\Connectivity\Package.pkg"
    LogicalPath="Config1.X20CP1382.Connectivity"
    Type="Package"
    LastWriteTime="132492277616144376" />
  <Object
    Path="C:\Users\Jacob\Documents\GitHub\PLC\Lecture_10_jbl_all\Lecture_10_jbl\Physical\Config1\X20CP1382\Connectivity\OpcUA\Package.pkg"
    LogicalPath="Config1.X20CP1382.Connectivity.OpcUA"
    Type="Package"
    LastWriteTime="132492277616144376" />
  <Object
    Path="C:\Users\Jacob\Documents\GitHub\PLC\Lecture_10_jbl_all\Lecture_10_jbl\Physical\Config1\X20CP1382\TextSystem\Package.pkg"
    LogicalPath="Config1.X20CP1382.TextSystem"
    Type="Package"
    LastWriteTime="132492277616164326" />
  <Object
    Path="C:\Users\Jacob\Documents\GitHub\PLC\Lecture_10_jbl_all\Lecture_10_jbl\Physical\Config1\X20CP1382\UnitSystem\Package.pkg"
    LogicalPath="Config1.X20CP1382.UnitSystem"
    Type="Package"
    LastWriteTime="132492277616164326" />
  <Object
    Path="C:\Users\Jacob\Documents\GitHub\PLC\Lecture_10_jbl_all\Lecture_10_jbl\Physical\Config1\X20CP1382\AccessAndSecurity\Package.pkg"
    LogicalPath="Config1.X20CP1382.AccessAndSecurity"
    Type="Package"
    LastWriteTime="132492277616124430" />
  <Object
    Path="C:\Users\Jacob\Documents\GitHub\PLC\Lecture_10_jbl_all\Lecture_10_jbl\Physical\Config1\X20CP1382\AccessAndSecurity\UserRoleSystem\Package.pkg"
    LogicalPath="Config1.X20CP1382.AccessAndSecurity.UserRoleSystem"
    Type="Package"
    LastWriteTime="132492277616134401" />
  <Object
    Path="C:\Users\Jacob\Documents\GitHub\PLC\Lecture_10_jbl_all\Lecture_10_jbl\Physical\Config1\X20CP1382\AccessAndSecurity\UserRoleSystem\Role.role"
    LogicalPath="Config1.X20CP1382.AccessAndSecurity.UserRoleSystem.Role.role"
    Type="File"
    LastWriteTime="132492277616134401"
    Private="false" />
  <Object
    Path="C:\Users\Jacob\Documents\GitHub\PLC\Lecture_10_jbl_all\Lecture_10_jbl\Physical\Config1\X20CP1382\AccessAndSecurity\UserRoleSystem\User.user"
    LogicalPath="Config1.X20CP1382.AccessAndSecurity.UserRoleSystem.User.user"
    Type="File"
    LastWriteTime="132492277616134401"
    Private="false" />
  <Object
    Path="C:\Users\Jacob\Documents\GitHub\PLC\Lecture_10_jbl_all\Lecture_10_jbl\Physical\Config1\X20CP1382\AccessAndSecurity\CertificateStore\Package.pkg"
    LogicalPath="Config1.X20CP1382.AccessAndSecurity.CertificateStore"
    Type="Package"
    LastWriteTime="132492277616104487" />
  <Object
    Path="C:\Users\Jacob\Documents\GitHub\PLC\Lecture_10_jbl_all\Lecture_10_jbl\Physical\Config1\X20CP1382\AccessAndSecurity\CertificateStore\OwnCertificates\Package.pkg"
    LogicalPath="Config1.X20CP1382.AccessAndSecurity.CertificateStore.OwnCertificates"
    Type="Package"
    LastWriteTime="132492277616094511" />
  <Object
    Path="C:\Users\Jacob\Documents\GitHub\PLC\Lecture_10_jbl_all\Lecture_10_jbl\Physical\Config1\X20CP1382\AccessAndSecurity\CertificateStore\OwnCertificates\Certificates\Package.pkg"
    LogicalPath="Config1.X20CP1382.AccessAndSecurity.CertificateStore.OwnCertificates.Certificates"
    Type="Package"
    LastWriteTime="132492277616094511" />
  <Object
    Path="C:\Users\Jacob\Documents\GitHub\PLC\Lecture_10_jbl_all\Lecture_10_jbl\Physical\Config1\X20CP1382\AccessAndSecurity\CertificateStore\OwnCertificates\PrivateKeys\Package.pkg"
    LogicalPath="Config1.X20CP1382.AccessAndSecurity.CertificateStore.OwnCertificates.PrivateKeys"
    Type="Package"
    LastWriteTime="132492277616104487" />
  <Object
    Path="C:\Users\Jacob\Documents\GitHub\PLC\Lecture_10_jbl_all\Lecture_10_jbl\Physical\Config1\X20CP1382\AccessAndSecurity\CertificateStore\ThirdPartyCertificates\Package.pkg"
    LogicalPath="Config1.X20CP1382.AccessAndSecurity.CertificateStore.ThirdPartyCertificates"
    Type="Package"
    LastWriteTime="132492277616104487" />
  <Object
    Path="C:\Users\Jacob\Documents\GitHub\PLC\Lecture_10_jbl_all\Lecture_10_jbl\Physical\Config1\X20CP1382\AccessAndSecurity\CertificateStore\ThirdPartyCertificates\SoftwareCertificates\Package.pkg"
    LogicalPath="Config1.X20CP1382.AccessAndSecurity.CertificateStore.ThirdPartyCertificates.SoftwareCertificates"
    Type="Package"
    LastWriteTime="132492277616114453" />
  <Object
    Path="C:\Users\Jacob\Documents\GitHub\PLC\Lecture_10_jbl_all\Lecture_10_jbl\Physical\Config1\X20CP1382\AccessAndSecurity\CertificateStore\CertificateRevocationLists\Package.pkg"
    LogicalPath="Config1.X20CP1382.AccessAndSecurity.CertificateStore.CertificateRevocationLists"
    Type="Package"
    LastWriteTime="132492277616084538" />
  <Object
    Path="C:\Users\Jacob\Documents\GitHub\PLC\Lecture_10_jbl_all\Lecture_10_jbl\Physical\Config1\X20CP1382\AccessAndSecurity\CertificateStore\CertificateSigningRequests\Package.pkg"
    LogicalPath="Config1.X20CP1382.AccessAndSecurity.CertificateStore.CertificateSigningRequests"
    Type="Package"
    LastWriteTime="132492277616084538" />
  <Object
    Path="C:\Users\Jacob\Documents\GitHub\PLC\Lecture_10_jbl_all\Lecture_10_jbl\Physical\Config1\X20CP1382\AccessAndSecurity\TransportLayerSecurity\Package.pkg"
    LogicalPath="Config1.X20CP1382.AccessAndSecurity.TransportLayerSecurity"
    Type="Package"
    LastWriteTime="132492277616124430" />
  <Object
    Path="C:\Users\Jacob\Documents\GitHub\PLC\Lecture_10_jbl_all\Lecture_10_jbl\Physical\Config1\X20CP1382\AccessAndSecurity\Firewall\Package.pkg"
    LogicalPath="Config1.X20CP1382.AccessAndSecurity.Firewall"
    Type="Package"
    LastWriteTime="132492277616114453" />
  <Object
    Path="C:\Users\Jacob\Documents\GitHub\PLC\Lecture_10_jbl_all\Lecture_10_jbl\Physical\Config1\X20CP1382\AccessAndSecurity\Firewall\Rules.firewallRules"
    LogicalPath="Config1.X20CP1382.AccessAndSecurity.Firewall.Rules.firewallRules"
    Type="File"
    LastWriteTime="132492277616114453"
    Private="false" />
  <Object
    Path="C:\Users\Jacob\Documents\GitHub\PLC\Lecture_10_jbl_all\Lecture_10_jbl\Physical\Config1\X20CP1382\mappControl\Package.pkg"
    LogicalPath="Config1.X20CP1382.mappControl"
    Type="Package"
    LastWriteTime="132492277616174297" />
  <Object
    Path="C:\Users\Jacob\Documents\GitHub\PLC\Lecture_10_jbl_all\Lecture_10_jbl\Physical\Config1\X20CP1382\mappMotion\Package.pkg"
    LogicalPath="Config1.X20CP1382.mappMotion"
    Type="Package"
    LastWriteTime="132492277616174297" />
  <Object
    Path="C:\Users\Jacob\Documents\GitHub\PLC\Lecture_10_jbl_all\Lecture_10_jbl\Physical\Config1\X20CP1382\mappServices\Package.pkg"
    LogicalPath="Config1.X20CP1382.mappServices"
    Type="Package"
    LastWriteTime="132492277616184269" />
  <Object
    Path="C:\Users\Jacob\Documents\GitHub\PLC\Lecture_10_jbl_all\Lecture_10_jbl\Physical\Config1\X20CP1382\mappView\Package.pkg"
    LogicalPath="Config1.X20CP1382.mappView"
    Type="Package"
    LastWriteTime="132492277616184269" />
  <Object
    Path="C:\Users\Jacob\Documents\GitHub\PLC\Lecture_10_jbl_all\Lecture_10_jbl\Physical\Config1\X20CP1382\mappCockpit\Package.pkg"
    LogicalPath="Config1.X20CP1382.mappCockpit"
    Type="Package"
    LastWriteTime="132492277616174297" />
  <Object
    Path="C:\Users\Jacob\Documents\GitHub\PLC\Lecture_10_jbl_all\Lecture_10_jbl\Physical\Config1\Hardware.jpg"
    LogicalPath="Config1.Hardware.jpg"
    Type="File"
    LastWriteTime="132492277616074561"
    Private="false" />
</Objects>