<?xml version="1.0" encoding="utf-8"?>
<?AutomationStudio Version="4.8.2.72"?>
<Objects>
  <Object
    Path="C:\Users\andre\Documents\GitHub\PLC\Lecture_07_jbl\Logical\Package.pkg"
    LogicalPath=""
    Type="Package.ParentUnknown"
    LastWriteTime="132476526093352457" />
  <Object
    Path="C:\Users\andre\Documents\GitHub\PLC\Lecture_07_jbl\Logical\Global.typ"
    LogicalPath="Global.typ"
    Type="File"
    LastWriteTime="132476526093143016"
    Private="false" />
  <Object
    Path="C:\Users\andre\Documents\GitHub\PLC\Lecture_07_jbl\Logical\Global.var"
    LogicalPath="Global.var"
    Type="File"
    LastWriteTime="132476526093143016"
    Private="false" />
  <Object
    Path="C:\Users\andre\Documents\GitHub\PLC\Lecture_07_jbl\Logical\Libraries\Package.pkg"
    LogicalPath="Libraries"
    Type="Package"
    LastWriteTime="132476526093182911" />
  <Object
    Path="C:\Users\andre\Documents\GitHub\PLC\Lecture_07_jbl\Logical\Libraries\operator\binary.lby"
    LogicalPath="Libraries.operator"
    Type="Library"
    LastWriteTime="132476526093232777" />
  <Object
    Path="C:\Users\andre\Documents\GitHub\PLC\Lecture_07_jbl\Logical\Libraries\operator\operator.fun"
    LogicalPath="Libraries.operator.operator.fun"
    Type="File"
    LastWriteTime="132476526093242755"
    Private="false" />
  <Object
    Path="C:\Users\andre\Documents\GitHub\PLC\Lecture_07_jbl\Logical\Libraries\operator\operator.typ"
    LogicalPath="Libraries.operator.operator.typ"
    Type="File"
    LastWriteTime="132476526093242755"
    Private="false" />
  <Object
    Path="C:\Users\andre\Documents\GitHub\PLC\Lecture_07_jbl\Logical\Libraries\operator\operator.var"
    LogicalPath="Libraries.operator.operator.var"
    Type="File"
    LastWriteTime="132476526093242755"
    Private="false" />
  <Object
    Path="C:\Users\andre\Documents\GitHub\PLC\Lecture_07_jbl\Logical\Libraries\runtime\binary.lby"
    LogicalPath="Libraries.runtime"
    Type="Library"
    LastWriteTime="132476526093272678" />
  <Object
    Path="C:\Users\andre\Documents\GitHub\PLC\Lecture_07_jbl\Logical\Libraries\runtime\runtime.fun"
    LogicalPath="Libraries.runtime.runtime.fun"
    Type="File"
    LastWriteTime="132476526093272678"
    Private="false" />
  <Object
    Path="C:\Users\andre\Documents\GitHub\PLC\Lecture_07_jbl\Logical\Libraries\runtime\runtime.typ"
    LogicalPath="Libraries.runtime.runtime.typ"
    Type="File"
    LastWriteTime="132476526093282659"
    Private="false" />
  <Object
    Path="C:\Users\andre\Documents\GitHub\PLC\Lecture_07_jbl\Logical\Libraries\runtime\runtime.var"
    LogicalPath="Libraries.runtime.runtime.var"
    Type="File"
    LastWriteTime="132476526093282659"
    Private="false" />
  <Object
    Path="C:\Users\andre\Documents\GitHub\PLC\Lecture_07_jbl\Logical\Libraries\astime\binary.lby"
    LogicalPath="Libraries.astime"
    Type="Library"
    LastWriteTime="132476526093212831" />
  <Object
    Path="C:\Users\andre\Documents\GitHub\PLC\Lecture_07_jbl\Logical\Libraries\astime\astime.fun"
    LogicalPath="Libraries.astime.astime.fun"
    Type="File"
    LastWriteTime="132476526093202856"
    Private="false" />
  <Object
    Path="C:\Users\andre\Documents\GitHub\PLC\Lecture_07_jbl\Logical\Libraries\astime\astime.typ"
    LogicalPath="Libraries.astime.astime.typ"
    Type="File"
    LastWriteTime="132476526093212831"
    Private="false" />
  <Object
    Path="C:\Users\andre\Documents\GitHub\PLC\Lecture_07_jbl\Logical\Libraries\astime\astime.var"
    LogicalPath="Libraries.astime.astime.var"
    Type="File"
    LastWriteTime="132476526093212831"
    Private="false" />
  <Object
    Path="C:\Users\andre\Documents\GitHub\PLC\Lecture_07_jbl\Logical\Libraries\AsIecCon\binary.lby"
    LogicalPath="Libraries.AsIecCon"
    Type="Library"
    LastWriteTime="132476526093182911" />
  <Object
    Path="C:\Users\andre\Documents\GitHub\PLC\Lecture_07_jbl\Logical\Libraries\AsIecCon\AsIecCon.fun"
    LogicalPath="Libraries.AsIecCon.AsIecCon.fun"
    Type="File"
    LastWriteTime="132476526093162964"
    Private="false" />
  <Object
    Path="C:\Users\andre\Documents\GitHub\PLC\Lecture_07_jbl\Logical\Libraries\AsIecCon\AsIecCon.typ"
    LogicalPath="Libraries.AsIecCon.AsIecCon.typ"
    Type="File"
    LastWriteTime="132476526093162964"
    Private="false" />
  <Object
    Path="C:\Users\andre\Documents\GitHub\PLC\Lecture_07_jbl\Logical\Libraries\AsIecCon\AsIecCon.var"
    LogicalPath="Libraries.AsIecCon.AsIecCon.var"
    Type="File"
    LastWriteTime="132476526093162964"
    Private="false" />
  <Object
    Path="C:\Users\andre\Documents\GitHub\PLC\Lecture_07_jbl\Logical\Libraries\standard\binary.lby"
    LogicalPath="Libraries.standard"
    Type="Library"
    LastWriteTime="132476526093312563" />
  <Object
    Path="C:\Users\andre\Documents\GitHub\PLC\Lecture_07_jbl\Logical\Libraries\standard\standard.fun"
    LogicalPath="Libraries.standard.standard.fun"
    Type="File"
    LastWriteTime="132476526093312563"
    Private="false" />
  <Object
    Path="C:\Users\andre\Documents\GitHub\PLC\Lecture_07_jbl\Logical\Libraries\standard\standard.typ"
    LogicalPath="Libraries.standard.standard.typ"
    Type="File"
    LastWriteTime="132476526093312563"
    Private="false" />
  <Object
    Path="C:\Users\andre\Documents\GitHub\PLC\Lecture_07_jbl\Logical\Libraries\standard\standard.var"
    LogicalPath="Libraries.standard.standard.var"
    Type="File"
    LastWriteTime="132476526093322546"
    Private="false" />
  <Object
    Path="C:\Users\andre\Documents\GitHub\PLC\Lecture_07_jbl\Logical\Blinklys_opg_i_timerne\IEC.prg"
    LogicalPath="Blinklys_opg_i_timerne"
    Type="Program"
    LastWriteTime="132476526093133045" />
  <Object
    Path="C:\Users\andre\Documents\GitHub\PLC\Lecture_07_jbl\Logical\Blinklys_opg_i_timerne\Main.st"
    LogicalPath="Blinklys_opg_i_timerne.Main.st"
    Type="File"
    LastWriteTime="132476526093133045"
    Private="false" />
  <Object
    Path="C:\Users\andre\Documents\GitHub\PLC\Lecture_07_jbl\Logical\Blinklys_opg_i_timerne\Types.typ"
    LogicalPath="Blinklys_opg_i_timerne.Types.typ"
    Type="File"
    LastWriteTime="132476526093133045"
    Private="true" />
  <Object
    Path="C:\Users\andre\Documents\GitHub\PLC\Lecture_07_jbl\Logical\Blinklys_opg_i_timerne\Variables.var"
    LogicalPath="Blinklys_opg_i_timerne.Variables.var"
    Type="File"
    LastWriteTime="132476526093143016"
    Private="true" />
  <Object
    Path="C:\Users\andre\Documents\GitHub\PLC\Lecture_07_jbl\Logical\Opgave1\IEC.prg"
    LogicalPath="Opgave1"
    Type="Program"
    LastWriteTime="132476526093322546" />
  <Object
    Path="C:\Users\andre\Documents\GitHub\PLC\Lecture_07_jbl\Logical\Opgave1\Main.st"
    LogicalPath="Opgave1.Main.st"
    Type="File"
    LastWriteTime="132476526093332510"
    Private="false" />
  <Object
    Path="C:\Users\andre\Documents\GitHub\PLC\Lecture_07_jbl\Logical\Opgave1\Types.typ"
    LogicalPath="Opgave1.Types.typ"
    Type="File"
    LastWriteTime="132476526093332510"
    Private="true" />
  <Object
    Path="C:\Users\andre\Documents\GitHub\PLC\Lecture_07_jbl\Logical\Opgave1\Variables.var"
    LogicalPath="Opgave1.Variables.var"
    Type="File"
    LastWriteTime="132476526093342485"
    Private="true" />
  <Object
    Path="C:\Users\andre\Documents\GitHub\PLC\Lecture_07_jbl\Logical\Opgave2\IEC.prg"
    LogicalPath="Opgave2"
    Type="Program"
    LastWriteTime="132476526093342485" />
  <Object
    Path="C:\Users\andre\Documents\GitHub\PLC\Lecture_07_jbl\Logical\Opgave2\Main.st"
    LogicalPath="Opgave2.Main.st"
    Type="File"
    LastWriteTime="132476616671574897"
    Private="false" />
  <Object
    Path="C:\Users\andre\Documents\GitHub\PLC\Lecture_07_jbl\Logical\Opgave2\Types.typ"
    LogicalPath="Opgave2.Types.typ"
    Type="File"
    LastWriteTime="132476526093352457"
    Private="true" />
  <Object
    Path="C:\Users\andre\Documents\GitHub\PLC\Lecture_07_jbl\Logical\Opgave2\Variables.var"
    LogicalPath="Opgave2.Variables.var"
    Type="File"
    LastWriteTime="132476528542082005"
    Private="true" />
  <Object
    Path="C:\Users\andre\Documents\GitHub\PLC\Lecture_07_jbl\Physical\Config1\Config.pkg"
    LogicalPath="Config1"
    Type="Configuration.ParentUnknown"
    LastWriteTime="132476526093362430" />
  <Object
    Path="C:\Users\andre\Documents\GitHub\PLC\Lecture_07_jbl\Physical\Config1\Hardware.hw"
    LogicalPath="Config1.Hardware.hw"
    Type="File"
    LastWriteTime="132476612233824419"
    Private="false" />
  <Object
    Path="C:\Users\andre\Documents\GitHub\PLC\Lecture_07_jbl\Physical\Config1\Hardware.hwl"
    LogicalPath="Config1.Hardware.hwl"
    Type="File"
    LastWriteTime="132476526093372410"
    Private="false" />
  <Object
    Path="C:\Users\andre\Documents\GitHub\PLC\Lecture_07_jbl\Physical\Config1\X20CP1382\Cpu.pkg"
    LogicalPath="Config1.X20CP1382"
    Type="Cpu"
    LastWriteTime="132476526093502057" />
  <Object
    Path="C:\Users\andre\Documents\GitHub\PLC\Lecture_07_jbl\Physical\Config1\X20CP1382\Cpu.sw"
    LogicalPath="Config1.X20CP1382.Cpu.sw"
    Type="File"
    LastWriteTime="132476609849398453"
    Private="false" />
  <Object
    Path="C:\Users\andre\Documents\GitHub\PLC\Lecture_07_jbl\Physical\Config1\X20CP1382\Cpu.per"
    LogicalPath="Config1.X20CP1382.Cpu.per"
    Type="File"
    LastWriteTime="132476526093492084"
    Private="false" />
  <Object
    Path="C:\Users\andre\Documents\GitHub\PLC\Lecture_07_jbl\Physical\Config1\X20CP1382\IoMap.iom"
    LogicalPath="Config1.X20CP1382.IoMap.iom"
    Type="File"
    LastWriteTime="132476526093512036"
    Private="false" />
  <Object
    Path="C:\Users\andre\Documents\GitHub\PLC\Lecture_07_jbl\Physical\Config1\X20CP1382\PvMap.vvm"
    LogicalPath="Config1.X20CP1382.PvMap.vvm"
    Type="File"
    LastWriteTime="132476526093512036"
    Private="false" />
  <Object
    Path="C:\Users\andre\Documents\GitHub\PLC\Lecture_07_jbl\Physical\Config1\X20CP1382\Connectivity\Package.pkg"
    LogicalPath="Config1.X20CP1382.Connectivity"
    Type="Package"
    LastWriteTime="132476526093492084" />
  <Object
    Path="C:\Users\andre\Documents\GitHub\PLC\Lecture_07_jbl\Physical\Config1\X20CP1382\Connectivity\OpcUA\Package.pkg"
    LogicalPath="Config1.X20CP1382.Connectivity.OpcUA"
    Type="Package"
    LastWriteTime="132476526093492084" />
  <Object
    Path="C:\Users\andre\Documents\GitHub\PLC\Lecture_07_jbl\Physical\Config1\X20CP1382\TextSystem\Package.pkg"
    LogicalPath="Config1.X20CP1382.TextSystem"
    Type="Package"
    LastWriteTime="132476526093522007" />
  <Object
    Path="C:\Users\andre\Documents\GitHub\PLC\Lecture_07_jbl\Physical\Config1\X20CP1382\UnitSystem\Package.pkg"
    LogicalPath="Config1.X20CP1382.UnitSystem"
    Type="Package"
    LastWriteTime="132476526093531979" />
  <Object
    Path="C:\Users\andre\Documents\GitHub\PLC\Lecture_07_jbl\Physical\Config1\X20CP1382\AccessAndSecurity\Package.pkg"
    LogicalPath="Config1.X20CP1382.AccessAndSecurity"
    Type="Package"
    LastWriteTime="132476526093462164" />
  <Object
    Path="C:\Users\andre\Documents\GitHub\PLC\Lecture_07_jbl\Physical\Config1\X20CP1382\AccessAndSecurity\UserRoleSystem\Package.pkg"
    LogicalPath="Config1.X20CP1382.AccessAndSecurity.UserRoleSystem"
    Type="Package"
    LastWriteTime="132476526093472137" />
  <Object
    Path="C:\Users\andre\Documents\GitHub\PLC\Lecture_07_jbl\Physical\Config1\X20CP1382\AccessAndSecurity\UserRoleSystem\Role.role"
    LogicalPath="Config1.X20CP1382.AccessAndSecurity.UserRoleSystem.Role.role"
    Type="File"
    LastWriteTime="132476526093472137"
    Private="false" />
  <Object
    Path="C:\Users\andre\Documents\GitHub\PLC\Lecture_07_jbl\Physical\Config1\X20CP1382\AccessAndSecurity\UserRoleSystem\User.user"
    LogicalPath="Config1.X20CP1382.AccessAndSecurity.UserRoleSystem.User.user"
    Type="File"
    LastWriteTime="132476526093482111"
    Private="false" />
  <Object
    Path="C:\Users\andre\Documents\GitHub\PLC\Lecture_07_jbl\Physical\Config1\X20CP1382\AccessAndSecurity\CertificateStore\Package.pkg"
    LogicalPath="Config1.X20CP1382.AccessAndSecurity.CertificateStore"
    Type="Package"
    LastWriteTime="132476526093422277" />
  <Object
    Path="C:\Users\andre\Documents\GitHub\PLC\Lecture_07_jbl\Physical\Config1\X20CP1382\AccessAndSecurity\CertificateStore\OwnCertificates\Package.pkg"
    LogicalPath="Config1.X20CP1382.AccessAndSecurity.CertificateStore.OwnCertificates"
    Type="Package"
    LastWriteTime="132476526093412299" />
  <Object
    Path="C:\Users\andre\Documents\GitHub\PLC\Lecture_07_jbl\Physical\Config1\X20CP1382\AccessAndSecurity\CertificateStore\OwnCertificates\Certificates\Package.pkg"
    LogicalPath="Config1.X20CP1382.AccessAndSecurity.CertificateStore.OwnCertificates.Certificates"
    Type="Package"
    LastWriteTime="132476526093412299" />
  <Object
    Path="C:\Users\andre\Documents\GitHub\PLC\Lecture_07_jbl\Physical\Config1\X20CP1382\AccessAndSecurity\CertificateStore\OwnCertificates\PrivateKeys\Package.pkg"
    LogicalPath="Config1.X20CP1382.AccessAndSecurity.CertificateStore.OwnCertificates.PrivateKeys"
    Type="Package"
    LastWriteTime="132476526093422277" />
  <Object
    Path="C:\Users\andre\Documents\GitHub\PLC\Lecture_07_jbl\Physical\Config1\X20CP1382\AccessAndSecurity\CertificateStore\ThirdPartyCertificates\Package.pkg"
    LogicalPath="Config1.X20CP1382.AccessAndSecurity.CertificateStore.ThirdPartyCertificates"
    Type="Package"
    LastWriteTime="132476526093432249" />
  <Object
    Path="C:\Users\andre\Documents\GitHub\PLC\Lecture_07_jbl\Physical\Config1\X20CP1382\AccessAndSecurity\CertificateStore\ThirdPartyCertificates\SoftwareCertificates\Package.pkg"
    LogicalPath="Config1.X20CP1382.AccessAndSecurity.CertificateStore.ThirdPartyCertificates.SoftwareCertificates"
    Type="Package"
    LastWriteTime="132476526093442222" />
  <Object
    Path="C:\Users\andre\Documents\GitHub\PLC\Lecture_07_jbl\Physical\Config1\X20CP1382\AccessAndSecurity\CertificateStore\CertificateRevocationLists\Package.pkg"
    LogicalPath="Config1.X20CP1382.AccessAndSecurity.CertificateStore.CertificateRevocationLists"
    Type="Package"
    LastWriteTime="132476526093392351" />
  <Object
    Path="C:\Users\andre\Documents\GitHub\PLC\Lecture_07_jbl\Physical\Config1\X20CP1382\AccessAndSecurity\CertificateStore\CertificateSigningRequests\Package.pkg"
    LogicalPath="Config1.X20CP1382.AccessAndSecurity.CertificateStore.CertificateSigningRequests"
    Type="Package"
    LastWriteTime="132476526093402324" />
  <Object
    Path="C:\Users\andre\Documents\GitHub\PLC\Lecture_07_jbl\Physical\Config1\X20CP1382\AccessAndSecurity\TransportLayerSecurity\Package.pkg"
    LogicalPath="Config1.X20CP1382.AccessAndSecurity.TransportLayerSecurity"
    Type="Package"
    LastWriteTime="132476526093462164" />
  <Object
    Path="C:\Users\andre\Documents\GitHub\PLC\Lecture_07_jbl\Physical\Config1\X20CP1382\AccessAndSecurity\Firewall\Package.pkg"
    LogicalPath="Config1.X20CP1382.AccessAndSecurity.Firewall"
    Type="Package"
    LastWriteTime="132476526093452196" />
  <Object
    Path="C:\Users\andre\Documents\GitHub\PLC\Lecture_07_jbl\Physical\Config1\X20CP1382\AccessAndSecurity\Firewall\Rules.firewallRules"
    LogicalPath="Config1.X20CP1382.AccessAndSecurity.Firewall.Rules.firewallRules"
    Type="File"
    LastWriteTime="132476526093452196"
    Private="false" />
  <Object
    Path="C:\Users\andre\Documents\GitHub\PLC\Lecture_07_jbl\Physical\Config1\X20CP1382\mappControl\Package.pkg"
    LogicalPath="Config1.X20CP1382.mappControl"
    Type="Package"
    LastWriteTime="132476526093541953" />
  <Object
    Path="C:\Users\andre\Documents\GitHub\PLC\Lecture_07_jbl\Physical\Config1\X20CP1382\mappMotion\Package.pkg"
    LogicalPath="Config1.X20CP1382.mappMotion"
    Type="Package"
    LastWriteTime="132476526093541953" />
  <Object
    Path="C:\Users\andre\Documents\GitHub\PLC\Lecture_07_jbl\Physical\Config1\X20CP1382\mappServices\Package.pkg"
    LogicalPath="Config1.X20CP1382.mappServices"
    Type="Package"
    LastWriteTime="132476526093551924" />
  <Object
    Path="C:\Users\andre\Documents\GitHub\PLC\Lecture_07_jbl\Physical\Config1\X20CP1382\mappView\Package.pkg"
    LogicalPath="Config1.X20CP1382.mappView"
    Type="Package"
    LastWriteTime="132476526093561899" />
  <Object
    Path="C:\Users\andre\Documents\GitHub\PLC\Lecture_07_jbl\Physical\Config1\X20CP1382\mappCockpit\Package.pkg"
    LogicalPath="Config1.X20CP1382.mappCockpit"
    Type="Package"
    LastWriteTime="132476526093531979" />
  <Object
    Path="C:\Users\andre\Documents\GitHub\PLC\Lecture_07_jbl\Physical\Config1\Hardware.jpg"
    LogicalPath="Config1.Hardware.jpg"
    Type="File"
    LastWriteTime="132476526093382379"
    Private="false" />
</Objects>