<?xml version="1.0" encoding="utf-8"?>
<?AutomationStudio Version="4.8.2.72"?>
<Objects>
  <Object
    Path="C:\Users\andre\Documents\GitHub\PLC\Lektion_10_agdp_all\Lektion_10_agdp\Logical\Package.pkg"
    LogicalPath=""
    Type="Package.ParentUnknown"
    LastWriteTime="132490489776494172" />
  <Object
    Path="C:\Users\andre\Documents\GitHub\PLC\Lektion_10_agdp_all\Lektion_10_agdp\Logical\Global.typ"
    LogicalPath="Global.typ"
    Type="File"
    LastWriteTime="132490489412575136"
    Private="false" />
  <Object
    Path="C:\Users\andre\Documents\GitHub\PLC\Lektion_10_agdp_all\Lektion_10_agdp\Logical\Global.var"
    LogicalPath="Global.var"
    Type="File"
    LastWriteTime="132490489412822958"
    Private="false" />
  <Object
    Path="C:\Users\andre\Documents\GitHub\PLC\Lektion_10_agdp_all\Lektion_10_agdp\Logical\Libraries\Package.pkg"
    LogicalPath="Libraries"
    Type="Package"
    LastWriteTime="132490503174857426" />
  <Object
    Path="C:\Users\andre\Documents\GitHub\PLC\Lektion_10_agdp_all\Lektion_10_agdp\Logical\Libraries\operator\binary.lby"
    LogicalPath="Libraries.operator"
    Type="Library"
    LastWriteTime="132490489445294372" />
  <Object
    Path="C:\Users\andre\Documents\GitHub\PLC\Lektion_10_agdp_all\Lektion_10_agdp\Logical\Libraries\operator\operator.fun"
    LogicalPath="Libraries.operator.operator.fun"
    Type="File"
    LastWriteTime="132490489445134810"
    Private="false" />
  <Object
    Path="C:\Users\andre\Documents\GitHub\PLC\Lektion_10_agdp_all\Lektion_10_agdp\Logical\Libraries\operator\operator.typ"
    LogicalPath="Libraries.operator.operator.typ"
    Type="File"
    LastWriteTime="132490489445214616"
    Private="false" />
  <Object
    Path="C:\Users\andre\Documents\GitHub\PLC\Lektion_10_agdp_all\Lektion_10_agdp\Logical\Libraries\operator\operator.var"
    LogicalPath="Libraries.operator.operator.var"
    Type="File"
    LastWriteTime="132490489445284419"
    Private="false" />
  <Object
    Path="C:\Users\andre\Documents\GitHub\PLC\Lektion_10_agdp_all\Lektion_10_agdp\Logical\Libraries\runtime\binary.lby"
    LogicalPath="Libraries.runtime"
    Type="Library"
    LastWriteTime="132490489449904657" />
  <Object
    Path="C:\Users\andre\Documents\GitHub\PLC\Lektion_10_agdp_all\Lektion_10_agdp\Logical\Libraries\runtime\runtime.fun"
    LogicalPath="Libraries.runtime.runtime.fun"
    Type="File"
    LastWriteTime="132490489449725136"
    Private="false" />
  <Object
    Path="C:\Users\andre\Documents\GitHub\PLC\Lektion_10_agdp_all\Lektion_10_agdp\Logical\Libraries\runtime\runtime.typ"
    LogicalPath="Libraries.runtime.runtime.typ"
    Type="File"
    LastWriteTime="132490489449815237"
    Private="false" />
  <Object
    Path="C:\Users\andre\Documents\GitHub\PLC\Lektion_10_agdp_all\Lektion_10_agdp\Logical\Libraries\runtime\runtime.var"
    LogicalPath="Libraries.runtime.runtime.var"
    Type="File"
    LastWriteTime="132490489449894682"
    Private="false" />
  <Object
    Path="C:\Users\andre\Documents\GitHub\PLC\Lektion_10_agdp_all\Lektion_10_agdp\Logical\Libraries\astime\binary.lby"
    LogicalPath="Libraries.astime"
    Type="Library"
    LastWriteTime="132490489454345986" />
  <Object
    Path="C:\Users\andre\Documents\GitHub\PLC\Lektion_10_agdp_all\Lektion_10_agdp\Logical\Libraries\astime\astime.fun"
    LogicalPath="Libraries.astime.astime.fun"
    Type="File"
    LastWriteTime="132490489454150108"
    Private="false" />
  <Object
    Path="C:\Users\andre\Documents\GitHub\PLC\Lektion_10_agdp_all\Lektion_10_agdp\Logical\Libraries\astime\astime.typ"
    LogicalPath="Libraries.astime.astime.typ"
    Type="File"
    LastWriteTime="132490489454256236"
    Private="false" />
  <Object
    Path="C:\Users\andre\Documents\GitHub\PLC\Lektion_10_agdp_all\Lektion_10_agdp\Logical\Libraries\astime\astime.var"
    LogicalPath="Libraries.astime.astime.var"
    Type="File"
    LastWriteTime="132490489454336017"
    Private="false" />
  <Object
    Path="C:\Users\andre\Documents\GitHub\PLC\Lektion_10_agdp_all\Lektion_10_agdp\Logical\Libraries\AsIecCon\binary.lby"
    LogicalPath="Libraries.AsIecCon"
    Type="Library"
    LastWriteTime="132490489458775259" />
  <Object
    Path="C:\Users\andre\Documents\GitHub\PLC\Lektion_10_agdp_all\Lektion_10_agdp\Logical\Libraries\AsIecCon\AsIecCon.fun"
    LogicalPath="Libraries.AsIecCon.AsIecCon.fun"
    Type="File"
    LastWriteTime="132490489458660555"
    Private="false" />
  <Object
    Path="C:\Users\andre\Documents\GitHub\PLC\Lektion_10_agdp_all\Lektion_10_agdp\Logical\Libraries\AsIecCon\AsIecCon.typ"
    LogicalPath="Libraries.AsIecCon.AsIecCon.typ"
    Type="File"
    LastWriteTime="132490489458745330"
    Private="false" />
  <Object
    Path="C:\Users\andre\Documents\GitHub\PLC\Lektion_10_agdp_all\Lektion_10_agdp\Logical\Libraries\AsIecCon\AsIecCon.var"
    LogicalPath="Libraries.AsIecCon.AsIecCon.var"
    Type="File"
    LastWriteTime="132490489458775259"
    Private="false" />
  <Object
    Path="C:\Users\andre\Documents\GitHub\PLC\Lektion_10_agdp_all\Lektion_10_agdp\Logical\Libraries\AsTCP\binary.lby"
    LogicalPath="Libraries.AsTCP"
    Type="Library"
    LastWriteTime="132490500336057894" />
  <Object
    Path="C:\Users\andre\Documents\GitHub\PLC\Lektion_10_agdp_all\Lektion_10_agdp\Logical\Libraries\AsTCP\AsTCP.fun"
    LogicalPath="Libraries.AsTCP.AsTCP.fun"
    Type="File"
    LastWriteTime="132490500335808567"
    Private="false" />
  <Object
    Path="C:\Users\andre\Documents\GitHub\PLC\Lektion_10_agdp_all\Lektion_10_agdp\Logical\Libraries\AsTCP\AsTCP.typ"
    LogicalPath="Libraries.AsTCP.AsTCP.typ"
    Type="File"
    LastWriteTime="132490500335897983"
    Private="false" />
  <Object
    Path="C:\Users\andre\Documents\GitHub\PLC\Lektion_10_agdp_all\Lektion_10_agdp\Logical\Libraries\AsTCP\AsTCP.var"
    LogicalPath="Libraries.AsTCP.AsTCP.var"
    Type="File"
    LastWriteTime="132490500335987811"
    Private="false" />
  <Object
    Path="C:\Users\andre\Documents\GitHub\PLC\Lektion_10_agdp_all\Lektion_10_agdp\Logical\Libraries\AsBrStr\binary.lby"
    LogicalPath="Libraries.AsBrStr"
    Type="Library"
    LastWriteTime="132490503174299728" />
  <Object
    Path="C:\Users\andre\Documents\GitHub\PLC\Lektion_10_agdp_all\Lektion_10_agdp\Logical\Libraries\AsBrStr\AsBrStr.fun"
    LogicalPath="Libraries.AsBrStr.AsBrStr.fun"
    Type="File"
    LastWriteTime="132490503174159668"
    Private="false" />
  <Object
    Path="C:\Users\andre\Documents\GitHub\PLC\Lektion_10_agdp_all\Lektion_10_agdp\Logical\Libraries\AsBrStr\AsBrStr.typ"
    LogicalPath="Libraries.AsBrStr.AsBrStr.typ"
    Type="File"
    LastWriteTime="132490503174219512"
    Private="false" />
  <Object
    Path="C:\Users\andre\Documents\GitHub\PLC\Lektion_10_agdp_all\Lektion_10_agdp\Logical\Libraries\AsBrStr\AsBrStr.var"
    LogicalPath="Libraries.AsBrStr.AsBrStr.var"
    Type="File"
    LastWriteTime="132490503174289718"
    Private="false" />
  <Object
    Path="C:\Users\andre\Documents\GitHub\PLC\Lektion_10_agdp_all\Lektion_10_agdp\Logical\Program\IEC.prg"
    LogicalPath="Program"
    Type="Program"
    LastWriteTime="132490493591482034" />
  <Object
    Path="C:\Users\andre\Documents\GitHub\PLC\Lektion_10_agdp_all\Lektion_10_agdp\Logical\Program\Main.st"
    LogicalPath="Program.Main.st"
    Type="File"
    LastWriteTime="132490528587739632"
    Private="false" />
  <Object
    Path="C:\Users\andre\Documents\GitHub\PLC\Lektion_10_agdp_all\Lektion_10_agdp\Logical\Program\Types.typ"
    LogicalPath="Program.Types.typ"
    Type="File"
    LastWriteTime="132490493592013472"
    Private="true" />
  <Object
    Path="C:\Users\andre\Documents\GitHub\PLC\Lektion_10_agdp_all\Lektion_10_agdp\Logical\Program\Variables.var"
    LogicalPath="Program.Variables.var"
    Type="File"
    LastWriteTime="132490507976258576"
    Private="true" />
  <Object
    Path="C:\Users\andre\Documents\GitHub\PLC\Lektion_10_agdp_all\Lektion_10_agdp\Physical\Config1\Config.pkg"
    LogicalPath="Config1"
    Type="Configuration.ParentUnknown"
    LastWriteTime="132490489490624006" />
  <Object
    Path="C:\Users\andre\Documents\GitHub\PLC\Lektion_10_agdp_all\Lektion_10_agdp\Physical\Config1\Hardware.hw"
    LogicalPath="Config1.Hardware.hw"
    Type="File"
    LastWriteTime="132490498674512278"
    Private="false" />
  <Object
    Path="C:\Users\andre\Documents\GitHub\PLC\Lektion_10_agdp_all\Lektion_10_agdp\Physical\Config1\Hardware.hwl"
    LogicalPath="Config1.Hardware.hwl"
    Type="File"
    LastWriteTime="132490489823583462"
    Private="false" />
  <Object
    Path="C:\Users\andre\Documents\GitHub\PLC\Lektion_10_agdp_all\Lektion_10_agdp\Physical\Config1\X20CP1382\Cpu.pkg"
    LogicalPath="Config1.X20CP1382"
    Type="Cpu"
    LastWriteTime="132490489465683043" />
  <Object
    Path="C:\Users\andre\Documents\GitHub\PLC\Lektion_10_agdp_all\Lektion_10_agdp\Physical\Config1\X20CP1382\Cpu.sw"
    LogicalPath="Config1.X20CP1382.Cpu.sw"
    Type="File"
    LastWriteTime="132490503175286279"
    Private="false" />
  <Object
    Path="C:\Users\andre\Documents\GitHub\PLC\Lektion_10_agdp_all\Lektion_10_agdp\Physical\Config1\X20CP1382\Cpu.per"
    LogicalPath="Config1.X20CP1382.Cpu.per"
    Type="File"
    LastWriteTime="132490489461976420"
    Private="false" />
  <Object
    Path="C:\Users\andre\Documents\GitHub\PLC\Lektion_10_agdp_all\Lektion_10_agdp\Physical\Config1\X20CP1382\IoMap.iom"
    LogicalPath="Config1.X20CP1382.IoMap.iom"
    Type="File"
    LastWriteTime="132490489462106816"
    Private="false" />
  <Object
    Path="C:\Users\andre\Documents\GitHub\PLC\Lektion_10_agdp_all\Lektion_10_agdp\Physical\Config1\X20CP1382\PvMap.vvm"
    LogicalPath="Config1.X20CP1382.PvMap.vvm"
    Type="File"
    LastWriteTime="132490489462196226"
    Private="false" />
  <Object
    Path="C:\Users\andre\Documents\GitHub\PLC\Lektion_10_agdp_all\Lektion_10_agdp\Physical\Config1\X20CP1382\Connectivity\Package.pkg"
    LogicalPath="Config1.X20CP1382.Connectivity"
    Type="Package"
    LastWriteTime="132490489462814386" />
  <Object
    Path="C:\Users\andre\Documents\GitHub\PLC\Lektion_10_agdp_all\Lektion_10_agdp\Physical\Config1\X20CP1382\Connectivity\OpcUA\Package.pkg"
    LogicalPath="Config1.X20CP1382.Connectivity.OpcUA"
    Type="Package"
    LastWriteTime="132490489462744589" />
  <Object
    Path="C:\Users\andre\Documents\GitHub\PLC\Lektion_10_agdp_all\Lektion_10_agdp\Physical\Config1\X20CP1382\TextSystem\Package.pkg"
    LogicalPath="Config1.X20CP1382.TextSystem"
    Type="Package"
    LastWriteTime="132490489462987819" />
  <Object
    Path="C:\Users\andre\Documents\GitHub\PLC\Lektion_10_agdp_all\Lektion_10_agdp\Physical\Config1\X20CP1382\UnitSystem\Package.pkg"
    LogicalPath="Config1.X20CP1382.UnitSystem"
    Type="Package"
    LastWriteTime="132490489463224092" />
  <Object
    Path="C:\Users\andre\Documents\GitHub\PLC\Lektion_10_agdp_all\Lektion_10_agdp\Physical\Config1\X20CP1382\AccessAndSecurity\Package.pkg"
    LogicalPath="Config1.X20CP1382.AccessAndSecurity"
    Type="Package"
    LastWriteTime="132490489464946130" />
  <Object
    Path="C:\Users\andre\Documents\GitHub\PLC\Lektion_10_agdp_all\Lektion_10_agdp\Physical\Config1\X20CP1382\AccessAndSecurity\UserRoleSystem\Package.pkg"
    LogicalPath="Config1.X20CP1382.AccessAndSecurity.UserRoleSystem"
    Type="Package"
    LastWriteTime="132490489463693160" />
  <Object
    Path="C:\Users\andre\Documents\GitHub\PLC\Lektion_10_agdp_all\Lektion_10_agdp\Physical\Config1\X20CP1382\AccessAndSecurity\UserRoleSystem\Role.role"
    LogicalPath="Config1.X20CP1382.AccessAndSecurity.UserRoleSystem.Role.role"
    Type="File"
    LastWriteTime="132490489463593393"
    Private="false" />
  <Object
    Path="C:\Users\andre\Documents\GitHub\PLC\Lektion_10_agdp_all\Lektion_10_agdp\Physical\Config1\X20CP1382\AccessAndSecurity\UserRoleSystem\User.user"
    LogicalPath="Config1.X20CP1382.AccessAndSecurity.UserRoleSystem.User.user"
    Type="File"
    LastWriteTime="132490489463693160"
    Private="false" />
  <Object
    Path="C:\Users\andre\Documents\GitHub\PLC\Lektion_10_agdp_all\Lektion_10_agdp\Physical\Config1\X20CP1382\AccessAndSecurity\CertificateStore\Package.pkg"
    LogicalPath="Config1.X20CP1382.AccessAndSecurity.CertificateStore"
    Type="Package"
    LastWriteTime="132490489464508437" />
  <Object
    Path="C:\Users\andre\Documents\GitHub\PLC\Lektion_10_agdp_all\Lektion_10_agdp\Physical\Config1\X20CP1382\AccessAndSecurity\CertificateStore\OwnCertificates\Package.pkg"
    LogicalPath="Config1.X20CP1382.AccessAndSecurity.CertificateStore.OwnCertificates"
    Type="Package"
    LastWriteTime="132490489464089491" />
  <Object
    Path="C:\Users\andre\Documents\GitHub\PLC\Lektion_10_agdp_all\Lektion_10_agdp\Physical\Config1\X20CP1382\AccessAndSecurity\CertificateStore\OwnCertificates\Certificates\Package.pkg"
    LogicalPath="Config1.X20CP1382.AccessAndSecurity.CertificateStore.OwnCertificates.Certificates"
    Type="Package"
    LastWriteTime="132490489463852929" />
  <Object
    Path="C:\Users\andre\Documents\GitHub\PLC\Lektion_10_agdp_all\Lektion_10_agdp\Physical\Config1\X20CP1382\AccessAndSecurity\CertificateStore\OwnCertificates\PrivateKeys\Package.pkg"
    LogicalPath="Config1.X20CP1382.AccessAndSecurity.CertificateStore.OwnCertificates.PrivateKeys"
    Type="Package"
    LastWriteTime="132490489464019670" />
  <Object
    Path="C:\Users\andre\Documents\GitHub\PLC\Lektion_10_agdp_all\Lektion_10_agdp\Physical\Config1\X20CP1382\AccessAndSecurity\CertificateStore\ThirdPartyCertificates\Package.pkg"
    LogicalPath="Config1.X20CP1382.AccessAndSecurity.CertificateStore.ThirdPartyCertificates"
    Type="Package"
    LastWriteTime="132490489464231149" />
  <Object
    Path="C:\Users\andre\Documents\GitHub\PLC\Lektion_10_agdp_all\Lektion_10_agdp\Physical\Config1\X20CP1382\AccessAndSecurity\CertificateStore\ThirdPartyCertificates\SoftwareCertificates\Package.pkg"
    LogicalPath="Config1.X20CP1382.AccessAndSecurity.CertificateStore.ThirdPartyCertificates.SoftwareCertificates"
    Type="Package"
    LastWriteTime="132490489464221180" />
  <Object
    Path="C:\Users\andre\Documents\GitHub\PLC\Lektion_10_agdp_all\Lektion_10_agdp\Physical\Config1\X20CP1382\AccessAndSecurity\CertificateStore\CertificateRevocationLists\Package.pkg"
    LogicalPath="Config1.X20CP1382.AccessAndSecurity.CertificateStore.CertificateRevocationLists"
    Type="Package"
    LastWriteTime="132490489464271046" />
  <Object
    Path="C:\Users\andre\Documents\GitHub\PLC\Lektion_10_agdp_all\Lektion_10_agdp\Physical\Config1\X20CP1382\AccessAndSecurity\CertificateStore\CertificateSigningRequests\Package.pkg"
    LogicalPath="Config1.X20CP1382.AccessAndSecurity.CertificateStore.CertificateSigningRequests"
    Type="Package"
    LastWriteTime="132490489464434384" />
  <Object
    Path="C:\Users\andre\Documents\GitHub\PLC\Lektion_10_agdp_all\Lektion_10_agdp\Physical\Config1\X20CP1382\AccessAndSecurity\TransportLayerSecurity\Package.pkg"
    LogicalPath="Config1.X20CP1382.AccessAndSecurity.TransportLayerSecurity"
    Type="Package"
    LastWriteTime="132490489464679313" />
  <Object
    Path="C:\Users\andre\Documents\GitHub\PLC\Lektion_10_agdp_all\Lektion_10_agdp\Physical\Config1\X20CP1382\AccessAndSecurity\Firewall\Package.pkg"
    LogicalPath="Config1.X20CP1382.AccessAndSecurity.Firewall"
    Type="Package"
    LastWriteTime="132490489464878772" />
  <Object
    Path="C:\Users\andre\Documents\GitHub\PLC\Lektion_10_agdp_all\Lektion_10_agdp\Physical\Config1\X20CP1382\AccessAndSecurity\Firewall\Rules.firewallRules"
    LogicalPath="Config1.X20CP1382.AccessAndSecurity.Firewall.Rules.firewallRules"
    Type="File"
    LastWriteTime="132490489464868825"
    Private="false" />
  <Object
    Path="C:\Users\andre\Documents\GitHub\PLC\Lektion_10_agdp_all\Lektion_10_agdp\Physical\Config1\X20CP1382\mappControl\Package.pkg"
    LogicalPath="Config1.X20CP1382.mappControl"
    Type="Package"
    LastWriteTime="132490489465065805" />
  <Object
    Path="C:\Users\andre\Documents\GitHub\PLC\Lektion_10_agdp_all\Lektion_10_agdp\Physical\Config1\X20CP1382\mappMotion\Package.pkg"
    LogicalPath="Config1.X20CP1382.mappMotion"
    Type="Package"
    LastWriteTime="132490489465185492" />
  <Object
    Path="C:\Users\andre\Documents\GitHub\PLC\Lektion_10_agdp_all\Lektion_10_agdp\Physical\Config1\X20CP1382\mappServices\Package.pkg"
    LogicalPath="Config1.X20CP1382.mappServices"
    Type="Package"
    LastWriteTime="132490489465314359" />
  <Object
    Path="C:\Users\andre\Documents\GitHub\PLC\Lektion_10_agdp_all\Lektion_10_agdp\Physical\Config1\X20CP1382\mappView\Package.pkg"
    LogicalPath="Config1.X20CP1382.mappView"
    Type="Package"
    LastWriteTime="132490489465424059" />
  <Object
    Path="C:\Users\andre\Documents\GitHub\PLC\Lektion_10_agdp_all\Lektion_10_agdp\Physical\Config1\X20CP1382\mappCockpit\Package.pkg"
    LogicalPath="Config1.X20CP1382.mappCockpit"
    Type="Package"
    LastWriteTime="132490489465614137" />
  <Object
    Path="C:\Users\andre\Documents\GitHub\PLC\Lektion_10_agdp_all\Lektion_10_agdp\Physical\Config1\Hardware.jpg"
    LogicalPath="Config1.Hardware.jpg"
    Type="File"
    LastWriteTime="132490489823721669"
    Private="false" />
</Objects>